<?xml version="1.0" encoding="UTF-8"?>
<testng-results skipped="0" failed="3" total="11" passed="8">
  <reporter-output>
  </reporter-output>
  <suite name="Suite" duration-ms="10524" started-at="2018-04-16T09:20:14Z" finished-at="2018-04-16T09:20:24Z">
    <groups>
    </groups>
    <test name="RESTAPI" duration-ms="10524" started-at="2018-04-16T09:20:14Z" finished-at="2018-04-16T09:20:24Z">
      <class name="MavenFramework.basicsdeleteXML">
        <test-method status="PASS" signature="AdddeletePlace1()[pri:0, instance:MavenFramework.basicsdeleteXML@1dde4cb2]" name="AdddeletePlace1" duration-ms="1463" started-at="2018-04-16T14:50:19Z" finished-at="2018-04-16T14:50:20Z">
          <reporter-output>
          </reporter-output>
        </test-method> <!-- AdddeletePlace1 -->
      </class> <!-- MavenFramework.basicsdeleteXML -->
      <class name="MavenFramework.Jirabasics">
        <test-method status="PASS" signature="getData()[pri:0, instance:MavenFramework.Jirabasics@5119fb47]" name="getData" is-config="true" duration-ms="50" started-at="2018-04-16T14:50:14Z" finished-at="2018-04-16T14:50:14Z">
          <reporter-output>
          </reporter-output>
        </test-method> <!-- getData -->
        <test-method status="PASS" signature="getData()[pri:0, instance:MavenFramework.Jirabasics2@56620197]" name="getData" is-config="true" duration-ms="0" started-at="2018-04-16T14:50:14Z" finished-at="2018-04-16T14:50:14Z">
          <reporter-output>
          </reporter-output>
        </test-method> <!-- getData -->
        <test-method status="PASS" signature="getData()[pri:0, instance:MavenFramework.Jirabasics3@20ce78ec]" name="getData" is-config="true" duration-ms="0" started-at="2018-04-16T14:50:14Z" finished-at="2018-04-16T14:50:14Z">
          <reporter-output>
          </reporter-output>
        </test-method> <!-- getData -->
        <test-method status="PASS" signature="getData()[pri:0, instance:MavenFramework.Jirabasics4@28eaa59a]" name="getData" is-config="true" duration-ms="1" started-at="2018-04-16T14:50:14Z" finished-at="2018-04-16T14:50:14Z">
          <reporter-output>
          </reporter-output>
        </test-method> <!-- getData -->
        <test-method status="PASS" signature="getData()[pri:0, instance:MavenFramework.basics2@7193666c]" name="getData" is-config="true" duration-ms="0" started-at="2018-04-16T14:50:14Z" finished-at="2018-04-16T14:50:14Z">
          <reporter-output>
          </reporter-output>
        </test-method> <!-- getData -->
        <test-method status="PASS" signature="getData()[pri:0, instance:MavenFramework.Jirabasics5@3835c46]" name="getData" is-config="true" duration-ms="0" started-at="2018-04-16T14:50:14Z" finished-at="2018-04-16T14:50:14Z">
          <reporter-output>
          </reporter-output>
        </test-method> <!-- getData -->
        <test-method status="PASS" signature="getData()[pri:0, instance:MavenFramework.basics2post@6a192cfe]" name="getData" is-config="true" duration-ms="0" started-at="2018-04-16T14:50:14Z" finished-at="2018-04-16T14:50:14Z">
          <reporter-output>
          </reporter-output>
        </test-method> <!-- getData -->
        <test-method status="PASS" signature="getData()[pri:0, instance:MavenFramework.basicsdelete2@55b7a4e0]" name="getData" is-config="true" duration-ms="0" started-at="2018-04-16T14:50:14Z" finished-at="2018-04-16T14:50:14Z">
          <reporter-output>
          </reporter-output>
        </test-method> <!-- getData -->
        <test-method status="FAIL" signature="createIssue()[pri:0, instance:MavenFramework.Jirabasics@5119fb47]" name="createIssue" duration-ms="75" started-at="2018-04-16T14:50:18Z" finished-at="2018-04-16T14:50:18Z">
          <exception class="java.lang.AssertionError">
            <message>
              <![CDATA[1 expectation failed.
Expected status code <201> but was <400>.
]]>
            </message>
            <full-stacktrace>
              <![CDATA[java.lang.AssertionError: 1 expectation failed.
Expected status code <201> but was <400>.

	at sun.reflect.NativeConstructorAccessorImpl.newInstance0(Native Method)
	at sun.reflect.NativeConstructorAccessorImpl.newInstance(NativeConstructorAccessorImpl.java:62)
	at sun.reflect.DelegatingConstructorAccessorImpl.newInstance(DelegatingConstructorAccessorImpl.java:45)
	at java.lang.reflect.Constructor.newInstance(Constructor.java:422)
	at org.codehaus.groovy.reflection.CachedConstructor.invoke(CachedConstructor.java:83)
	at org.codehaus.groovy.reflection.CachedConstructor.doConstructorInvoke(CachedConstructor.java:77)
	at org.codehaus.groovy.runtime.callsite.ConstructorSite$ConstructorSiteNoUnwrap.callConstructor(ConstructorSite.java:84)
	at org.codehaus.groovy.runtime.callsite.CallSiteArray.defaultCallConstructor(CallSiteArray.java:60)
	at org.codehaus.groovy.runtime.callsite.AbstractCallSite.callConstructor(AbstractCallSite.java:235)
	at org.codehaus.groovy.runtime.callsite.AbstractCallSite.callConstructor(AbstractCallSite.java:247)
	at io.restassured.internal.ResponseSpecificationImpl$HamcrestAssertionClosure.validate(ResponseSpecificationImpl.groovy:482)
	at io.restassured.internal.ResponseSpecificationImpl$HamcrestAssertionClosure$validate$1.call(Unknown Source)
	at io.restassured.internal.ResponseSpecificationImpl.validateResponseIfRequired(ResponseSpecificationImpl.groovy:654)
	at sun.reflect.NativeMethodAccessorImpl.invoke0(Native Method)
	at sun.reflect.NativeMethodAccessorImpl.invoke(NativeMethodAccessorImpl.java:62)
	at sun.reflect.DelegatingMethodAccessorImpl.invoke(DelegatingMethodAccessorImpl.java:43)
	at java.lang.reflect.Method.invoke(Method.java:497)
	at org.codehaus.groovy.runtime.callsite.PogoMetaMethodSite$PogoCachedMethodSiteNoUnwrapNoCoerce.invoke(PogoMetaMethodSite.java:210)
	at org.codehaus.groovy.runtime.callsite.PogoMetaMethodSite.callCurrent(PogoMetaMethodSite.java:59)
	at org.codehaus.groovy.runtime.callsite.AbstractCallSite.callCurrent(AbstractCallSite.java:166)
	at io.restassured.internal.ResponseSpecificationImpl.statusCode(ResponseSpecificationImpl.groovy:124)
	at io.restassured.specification.ResponseSpecification$statusCode$0.callCurrent(Unknown Source)
	at io.restassured.internal.ResponseSpecificationImpl.statusCode(ResponseSpecificationImpl.groovy:132)
	at io.restassured.internal.ValidatableResponseOptionsImpl.statusCode(ValidatableResponseOptionsImpl.java:119)
	at MavenFramework.Jirabasics.createIssue(Jirabasics.java:33)
	at sun.reflect.NativeMethodAccessorImpl.invoke0(Native Method)
	at sun.reflect.NativeMethodAccessorImpl.invoke(NativeMethodAccessorImpl.java:62)
	at sun.reflect.DelegatingMethodAccessorImpl.invoke(DelegatingMethodAccessorImpl.java:43)
	at java.lang.reflect.Method.invoke(Method.java:497)
	at org.testng.internal.MethodInvocationHelper.invokeMethod(MethodInvocationHelper.java:80)
	at org.testng.internal.Invoker.invokeMethod(Invoker.java:714)
	at org.testng.internal.Invoker.invokeTestMethod(Invoker.java:901)
	at org.testng.internal.Invoker.invokeTestMethods(Invoker.java:1231)
	at org.testng.internal.TestMethodWorker.invokeTestMethods(TestMethodWorker.java:127)
	at org.testng.internal.TestMethodWorker.run(TestMethodWorker.java:111)
	at org.testng.TestRunner.privateRun(TestRunner.java:767)
	at org.testng.TestRunner.run(TestRunner.java:617)
	at org.testng.SuiteRunner.runTest(SuiteRunner.java:334)
	at org.testng.SuiteRunner.runSequentially(SuiteRunner.java:329)
	at org.testng.SuiteRunner.privateRun(SuiteRunner.java:291)
	at org.testng.SuiteRunner.run(SuiteRunner.java:240)
	at org.testng.SuiteRunnerWorker.runSuite(SuiteRunnerWorker.java:52)
	at org.testng.SuiteRunnerWorker.run(SuiteRunnerWorker.java:86)
	at org.testng.TestNG.runSuitesSequentially(TestNG.java:1198)
	at org.testng.TestNG.runSuitesLocally(TestNG.java:1123)
	at org.testng.TestNG.run(TestNG.java:1031)
	at org.apache.maven.surefire.testng.TestNGExecutor.run(TestNGExecutor.java:283)
	at org.apache.maven.surefire.testng.TestNGXmlTestSuite.execute(TestNGXmlTestSuite.java:75)
	at org.apache.maven.surefire.testng.TestNGProvider.invoke(TestNGProvider.java:120)
	at org.apache.maven.surefire.booter.ForkedBooter.invokeProviderInSameClassLoader(ForkedBooter.java:379)
	at org.apache.maven.surefire.booter.ForkedBooter.runSuitesInProcess(ForkedBooter.java:340)
	at org.apache.maven.surefire.booter.ForkedBooter.execute(ForkedBooter.java:125)
	at org.apache.maven.surefire.booter.ForkedBooter.main(ForkedBooter.java:413)
]]>
            </full-stacktrace>
          </exception> <!-- java.lang.AssertionError -->
          <reporter-output>
          </reporter-output>
        </test-method> <!-- createIssue -->
      </class> <!-- MavenFramework.Jirabasics -->
      <class name="MavenFramework.basicsdelete2">
        <test-method status="PASS" signature="AddanddeletePlace()[pri:0, instance:MavenFramework.basicsdelete2@55b7a4e0]" name="AddanddeletePlace" duration-ms="964" started-at="2018-04-16T14:50:21Z" finished-at="2018-04-16T14:50:22Z">
          <reporter-output>
          </reporter-output>
        </test-method> <!-- AddanddeletePlace -->
      </class> <!-- MavenFramework.basicsdelete2 -->
      <class name="MavenFramework.basicsdelete">
        <test-method status="PASS" signature="deletePlaceXML()[pri:0, instance:MavenFramework.basicsdelete@7714e963]" name="deletePlaceXML" duration-ms="908" started-at="2018-04-16T14:50:23Z" finished-at="2018-04-16T14:50:24Z">
          <reporter-output>
          </reporter-output>
        </test-method> <!-- deletePlaceXML -->
      </class> <!-- MavenFramework.basicsdelete -->
      <class name="MavenFramework.basics2">
        <test-method status="FAIL" signature="createPlace()[pri:0, instance:MavenFramework.basics2@7193666c]" name="createPlace" duration-ms="873" started-at="2018-04-16T14:50:21Z" finished-at="2018-04-16T14:50:21Z">
          <exception class="java.lang.AssertionError">
            <message>
              <![CDATA[1 expectation failed.
JSON path results[0].name doesn't match.
Expected: Global Industries
  Actual: Amritsar
]]>
            </message>
            <full-stacktrace>
              <![CDATA[java.lang.AssertionError: 1 expectation failed.
JSON path results[0].name doesn't match.
Expected: Global Industries
  Actual: Amritsar

	at sun.reflect.NativeConstructorAccessorImpl.newInstance0(Native Method)
	at sun.reflect.NativeConstructorAccessorImpl.newInstance(NativeConstructorAccessorImpl.java:62)
	at sun.reflect.DelegatingConstructorAccessorImpl.newInstance(DelegatingConstructorAccessorImpl.java:45)
	at java.lang.reflect.Constructor.newInstance(Constructor.java:422)
	at org.codehaus.groovy.reflection.CachedConstructor.invoke(CachedConstructor.java:83)
	at org.codehaus.groovy.reflection.CachedConstructor.doConstructorInvoke(CachedConstructor.java:77)
	at org.codehaus.groovy.runtime.callsite.ConstructorSite$ConstructorSiteNoUnwrap.callConstructor(ConstructorSite.java:84)
	at org.codehaus.groovy.runtime.callsite.AbstractCallSite.callConstructor(AbstractCallSite.java:247)
	at io.restassured.internal.ResponseSpecificationImpl$HamcrestAssertionClosure.validate(ResponseSpecificationImpl.groovy:482)
	at io.restassured.internal.ResponseSpecificationImpl$HamcrestAssertionClosure$validate$1.call(Unknown Source)
	at io.restassured.internal.ResponseSpecificationImpl.validateResponseIfRequired(ResponseSpecificationImpl.groovy:654)
	at sun.reflect.GeneratedMethodAccessor75.invoke(Unknown Source)
	at sun.reflect.DelegatingMethodAccessorImpl.invoke(DelegatingMethodAccessorImpl.java:43)
	at java.lang.reflect.Method.invoke(Method.java:497)
	at org.codehaus.groovy.runtime.callsite.PogoMetaMethodSite$PogoCachedMethodSiteNoUnwrapNoCoerce.invoke(PogoMetaMethodSite.java:210)
	at org.codehaus.groovy.runtime.callsite.PogoMetaMethodSite.callCurrent(PogoMetaMethodSite.java:59)
	at org.codehaus.groovy.runtime.callsite.AbstractCallSite.callCurrent(AbstractCallSite.java:166)
	at io.restassured.internal.ResponseSpecificationImpl.content(ResponseSpecificationImpl.groovy:276)
	at io.restassured.specification.ResponseSpecification$content$1.callCurrent(Unknown Source)
	at io.restassured.internal.ResponseSpecificationImpl.body(ResponseSpecificationImpl.groovy:259)
	at io.restassured.internal.ValidatableResponseOptionsImpl.body(ValidatableResponseOptionsImpl.java:274)
	at MavenFramework.basics2.createPlace(basics2.java:43)
	at sun.reflect.NativeMethodAccessorImpl.invoke0(Native Method)
	at sun.reflect.NativeMethodAccessorImpl.invoke(NativeMethodAccessorImpl.java:62)
	at sun.reflect.DelegatingMethodAccessorImpl.invoke(DelegatingMethodAccessorImpl.java:43)
	at java.lang.reflect.Method.invoke(Method.java:497)
	at org.testng.internal.MethodInvocationHelper.invokeMethod(MethodInvocationHelper.java:80)
	at org.testng.internal.Invoker.invokeMethod(Invoker.java:714)
	at org.testng.internal.Invoker.invokeTestMethod(Invoker.java:901)
	at org.testng.internal.Invoker.invokeTestMethods(Invoker.java:1231)
	at org.testng.internal.TestMethodWorker.invokeTestMethods(TestMethodWorker.java:127)
	at org.testng.internal.TestMethodWorker.run(TestMethodWorker.java:111)
	at org.testng.TestRunner.privateRun(TestRunner.java:767)
	at org.testng.TestRunner.run(TestRunner.java:617)
	at org.testng.SuiteRunner.runTest(SuiteRunner.java:334)
	at org.testng.SuiteRunner.runSequentially(SuiteRunner.java:329)
	at org.testng.SuiteRunner.privateRun(SuiteRunner.java:291)
	at org.testng.SuiteRunner.run(SuiteRunner.java:240)
	at org.testng.SuiteRunnerWorker.runSuite(SuiteRunnerWorker.java:52)
	at org.testng.SuiteRunnerWorker.run(SuiteRunnerWorker.java:86)
	at org.testng.TestNG.runSuitesSequentially(TestNG.java:1198)
	at org.testng.TestNG.runSuitesLocally(TestNG.java:1123)
	at org.testng.TestNG.run(TestNG.java:1031)
	at org.apache.maven.surefire.testng.TestNGExecutor.run(TestNGExecutor.java:283)
	at org.apache.maven.surefire.testng.TestNGXmlTestSuite.execute(TestNGXmlTestSuite.java:75)
	at org.apache.maven.surefire.testng.TestNGProvider.invoke(TestNGProvider.java:120)
	at org.apache.maven.surefire.booter.ForkedBooter.invokeProviderInSameClassLoader(ForkedBooter.java:379)
	at org.apache.maven.surefire.booter.ForkedBooter.runSuitesInProcess(ForkedBooter.java:340)
	at org.apache.maven.surefire.booter.ForkedBooter.execute(ForkedBooter.java:125)
	at org.apache.maven.surefire.booter.ForkedBooter.main(ForkedBooter.java:413)
]]>
            </full-stacktrace>
          </exception> <!-- java.lang.AssertionError -->
          <reporter-output>
          </reporter-output>
        </test-method> <!-- createPlace -->
      </class> <!-- MavenFramework.basics2 -->
      <class name="MavenFramework.basics2post">
        <test-method status="PASS" signature="AddPlace()[pri:0, instance:MavenFramework.basics2post@6a192cfe]" name="AddPlace" duration-ms="427" started-at="2018-04-16T14:50:20Z" finished-at="2018-04-16T14:50:20Z">
          <reporter-output>
          </reporter-output>
        </test-method> <!-- AddPlace -->
      </class> <!-- MavenFramework.basics2post -->
      <class name="MavenFramework.Jirabasics3">
        <test-method status="PASS" signature="UpdateComment()[pri:0, instance:MavenFramework.Jirabasics3@20ce78ec]" name="UpdateComment" duration-ms="211" started-at="2018-04-16T14:50:18Z" finished-at="2018-04-16T14:50:18Z">
          <reporter-output>
          </reporter-output>
        </test-method> <!-- UpdateComment -->
      </class> <!-- MavenFramework.Jirabasics3 -->
      <class name="MavenFramework.Jirabasics2">
        <test-method status="PASS" signature="addComment()[pri:0, instance:MavenFramework.Jirabasics2@56620197]" name="addComment" duration-ms="155" started-at="2018-04-16T14:50:20Z" finished-at="2018-04-16T14:50:21Z">
          <reporter-output>
          </reporter-output>
        </test-method> <!-- addComment -->
      </class> <!-- MavenFramework.Jirabasics2 -->
      <class name="MavenFramework.basics">
        <test-method status="FAIL" signature="getPlace()[pri:0, instance:MavenFramework.basics@393671df]" name="getPlace" duration-ms="812" started-at="2018-04-16T14:50:22Z" finished-at="2018-04-16T14:50:23Z">
          <exception class="java.lang.AssertionError">
            <message>
              <![CDATA[1 expectation failed.
JSON path results[0].name doesn't match.
Expected: Global Industries
  Actual: Amritsar
]]>
            </message>
            <full-stacktrace>
              <![CDATA[java.lang.AssertionError: 1 expectation failed.
JSON path results[0].name doesn't match.
Expected: Global Industries
  Actual: Amritsar

	at sun.reflect.NativeConstructorAccessorImpl.newInstance0(Native Method)
	at sun.reflect.NativeConstructorAccessorImpl.newInstance(NativeConstructorAccessorImpl.java:62)
	at sun.reflect.DelegatingConstructorAccessorImpl.newInstance(DelegatingConstructorAccessorImpl.java:45)
	at java.lang.reflect.Constructor.newInstance(Constructor.java:422)
	at org.codehaus.groovy.reflection.CachedConstructor.invoke(CachedConstructor.java:83)
	at org.codehaus.groovy.reflection.CachedConstructor.doConstructorInvoke(CachedConstructor.java:77)
	at org.codehaus.groovy.runtime.callsite.ConstructorSite$ConstructorSiteNoUnwrap.callConstructor(ConstructorSite.java:84)
	at org.codehaus.groovy.runtime.callsite.AbstractCallSite.callConstructor(AbstractCallSite.java:247)
	at io.restassured.internal.ResponseSpecificationImpl$HamcrestAssertionClosure.validate(ResponseSpecificationImpl.groovy:482)
	at io.restassured.internal.ResponseSpecificationImpl$HamcrestAssertionClosure$validate$1.call(Unknown Source)
	at io.restassured.internal.ResponseSpecificationImpl.validateResponseIfRequired(ResponseSpecificationImpl.groovy:654)
	at sun.reflect.GeneratedMethodAccessor75.invoke(Unknown Source)
	at sun.reflect.DelegatingMethodAccessorImpl.invoke(DelegatingMethodAccessorImpl.java:43)
	at java.lang.reflect.Method.invoke(Method.java:497)
	at org.codehaus.groovy.runtime.callsite.PogoMetaMethodSite$PogoCachedMethodSiteNoUnwrapNoCoerce.invoke(PogoMetaMethodSite.java:210)
	at org.codehaus.groovy.runtime.callsite.PogoMetaMethodSite.callCurrent(PogoMetaMethodSite.java:59)
	at org.codehaus.groovy.runtime.callsite.AbstractCallSite.callCurrent(AbstractCallSite.java:166)
	at io.restassured.internal.ResponseSpecificationImpl.content(ResponseSpecificationImpl.groovy:276)
	at io.restassured.specification.ResponseSpecification$content$1.callCurrent(Unknown Source)
	at io.restassured.internal.ResponseSpecificationImpl.body(ResponseSpecificationImpl.groovy:259)
	at io.restassured.internal.ValidatableResponseOptionsImpl.body(ValidatableResponseOptionsImpl.java:274)
	at MavenFramework.basics.getPlace(basics.java:26)
	at sun.reflect.NativeMethodAccessorImpl.invoke0(Native Method)
	at sun.reflect.NativeMethodAccessorImpl.invoke(NativeMethodAccessorImpl.java:62)
	at sun.reflect.DelegatingMethodAccessorImpl.invoke(DelegatingMethodAccessorImpl.java:43)
	at java.lang.reflect.Method.invoke(Method.java:497)
	at org.testng.internal.MethodInvocationHelper.invokeMethod(MethodInvocationHelper.java:80)
	at org.testng.internal.Invoker.invokeMethod(Invoker.java:714)
	at org.testng.internal.Invoker.invokeTestMethod(Invoker.java:901)
	at org.testng.internal.Invoker.invokeTestMethods(Invoker.java:1231)
	at org.testng.internal.TestMethodWorker.invokeTestMethods(TestMethodWorker.java:127)
	at org.testng.internal.TestMethodWorker.run(TestMethodWorker.java:111)
	at org.testng.TestRunner.privateRun(TestRunner.java:767)
	at org.testng.TestRunner.run(TestRunner.java:617)
	at org.testng.SuiteRunner.runTest(SuiteRunner.java:334)
	at org.testng.SuiteRunner.runSequentially(SuiteRunner.java:329)
	at org.testng.SuiteRunner.privateRun(SuiteRunner.java:291)
	at org.testng.SuiteRunner.run(SuiteRunner.java:240)
	at org.testng.SuiteRunnerWorker.runSuite(SuiteRunnerWorker.java:52)
	at org.testng.SuiteRunnerWorker.run(SuiteRunnerWorker.java:86)
	at org.testng.TestNG.runSuitesSequentially(TestNG.java:1198)
	at org.testng.TestNG.runSuitesLocally(TestNG.java:1123)
	at org.testng.TestNG.run(TestNG.java:1031)
	at org.apache.maven.surefire.testng.TestNGExecutor.run(TestNGExecutor.java:283)
	at org.apache.maven.surefire.testng.TestNGXmlTestSuite.execute(TestNGXmlTestSuite.java:75)
	at org.apache.maven.surefire.testng.TestNGProvider.invoke(TestNGProvider.java:120)
	at org.apache.maven.surefire.booter.ForkedBooter.invokeProviderInSameClassLoader(ForkedBooter.java:379)
	at org.apache.maven.surefire.booter.ForkedBooter.runSuitesInProcess(ForkedBooter.java:340)
	at org.apache.maven.surefire.booter.ForkedBooter.execute(ForkedBooter.java:125)
	at org.apache.maven.surefire.booter.ForkedBooter.main(ForkedBooter.java:413)
]]>
            </full-stacktrace>
          </exception> <!-- java.lang.AssertionError -->
          <reporter-output>
          </reporter-output>
        </test-method> <!-- getPlace -->
      </class> <!-- MavenFramework.basics -->
      <class name="MavenFramework.Jirabasics5">
        <test-method status="PASS" signature="deleteIssue()[pri:0, instance:MavenFramework.Jirabasics5@3835c46]" name="deleteIssue" duration-ms="372" started-at="2018-04-16T14:50:18Z" finished-at="2018-04-16T14:50:19Z">
          <reporter-output>
          </reporter-output>
        </test-method> <!-- deleteIssue -->
      </class> <!-- MavenFramework.Jirabasics5 -->
      <class name="MavenFramework.Jirabasics4">
        <test-method status="PASS" signature="UpdateCommentGeneric()[pri:0, instance:MavenFramework.Jirabasics4@28eaa59a]" name="UpdateCommentGeneric" duration-ms="4183" started-at="2018-04-16T14:50:14Z" finished-at="2018-04-16T14:50:18Z">
          <reporter-output>
          </reporter-output>
        </test-method> <!-- UpdateCommentGeneric -->
      </class> <!-- MavenFramework.Jirabasics4 -->
    </test> <!-- RESTAPI -->
  </suite> <!-- Suite -->
</testng-results>
